
CH32V003_IAP.elf:     file format elf32-littleriscv
CH32V003_IAP.elf
architecture: riscv:rv32, flags 0x00000112:
EXEC_P, HAS_SYMS, D_PAGED
start address 0x00000000

Program Header:
    LOAD off    0x00001000 vaddr 0x00000000 paddr 0x00000000 align 2**12
         filesz 0x00000358 memsz 0x00000358 flags r-x
    LOAD off    0x00002000 vaddr 0x20000000 paddr 0x00000358 align 2**12
         filesz 0x00000008 memsz 0x0000000c flags rw-
    LOAD off    0x00002700 vaddr 0x20000700 paddr 0x20000700 align 2**12
         filesz 0x00000000 memsz 0x00000100 flags rw-

Sections:
Idx Name          Size      VMA       LMA       File off  Algn
  0 .init         00000014  00000000  00000000  00001000  2**2
                  CONTENTS, ALLOC, LOAD, READONLY, CODE
  1 .highcodelalign 00000000  00000014  00000014  00002008  2**0
                  CONTENTS
  2 .highcode     00000000  20000000  20000000  00002008  2**0
                  CONTENTS
  3 .text         00000344  00000014  00000014  00001014  2**2
                  CONTENTS, ALLOC, LOAD, READONLY, CODE
  4 .fini         00000000  00000358  00000358  00002008  2**0
                  CONTENTS, ALLOC, LOAD, CODE
  5 .dalign       00000000  20000000  20000000  00002008  2**0
                  CONTENTS
  6 .dlalign      00000000  00000358  00000358  00002008  2**0
                  CONTENTS
  7 .data         00000008  20000000  00000358  00002000  2**2
                  CONTENTS, ALLOC, LOAD, DATA
  8 .bss          00000004  20000008  00000360  00002008  2**1
                  ALLOC
  9 .stack        00000100  20000700  20000700  00002700  2**0
                  ALLOC
 10 .debug_info   000068db  00000000  00000000  00002008  2**0
                  CONTENTS, READONLY, DEBUGGING
 11 .debug_abbrev 00001450  00000000  00000000  000088e3  2**0
                  CONTENTS, READONLY, DEBUGGING
 12 .debug_aranges 00000330  00000000  00000000  00009d38  2**3
                  CONTENTS, READONLY, DEBUGGING
 13 .debug_ranges 000002b8  00000000  00000000  0000a068  2**3
                  CONTENTS, READONLY, DEBUGGING
 14 .debug_line   00004166  00000000  00000000  0000a320  2**0
                  CONTENTS, READONLY, DEBUGGING
 15 .debug_str    0000130e  00000000  00000000  0000e486  2**0
                  CONTENTS, READONLY, DEBUGGING
 16 .comment      00000033  00000000  00000000  0000f794  2**0
                  CONTENTS, READONLY
 17 .debug_frame  00000670  00000000  00000000  0000f7c8  2**2
                  CONTENTS, READONLY, DEBUGGING
 18 .debug_loc    000011da  00000000  00000000  0000fe38  2**0
                  CONTENTS, READONLY, DEBUGGING
SYMBOL TABLE:
00000000 l    d  .init	00000000 .init
00000014 l    d  .highcodelalign	00000000 .highcodelalign
20000000 l    d  .highcode	00000000 .highcode
00000014 l    d  .text	00000000 .text
00000358 l    d  .fini	00000000 .fini
20000000 l    d  .dalign	00000000 .dalign
00000358 l    d  .dlalign	00000000 .dlalign
20000000 l    d  .data	00000000 .data
20000008 l    d  .bss	00000000 .bss
20000700 l    d  .stack	00000000 .stack
00000000 l    d  .debug_info	00000000 .debug_info
00000000 l    d  .debug_abbrev	00000000 .debug_abbrev
00000000 l    d  .debug_aranges	00000000 .debug_aranges
00000000 l    d  .debug_ranges	00000000 .debug_ranges
00000000 l    d  .debug_line	00000000 .debug_line
00000000 l    d  .debug_str	00000000 .debug_str
00000000 l    d  .comment	00000000 .comment
00000000 l    d  .debug_frame	00000000 .debug_frame
00000000 l    d  .debug_loc	00000000 .debug_loc
00000000 l    df *ABS*	00000000 ch32v00x_it.c
00000000 l    df *ABS*	00000000 iap.c
00000000 l    df *ABS*	00000000 main.c
00000000 l    df *ABS*	00000000 system_ch32v00x.c
00000000 l    df *ABS*	00000000 ch32v00x_rcc.c
00000000 l    df *ABS*	00000000 ch32v00x_usart.c
00000000 l    df *ABS*	00000000 debug.c
20000008 l     O .bss	00000002 p_ms
2000000a l     O .bss	00000001 p_us
20000808 g       .data	00000000 __global_pointer$
000000c0 g     F .text	00000010 HardFault_Handler
000000be g     F .text	00000002 NMI_Handler
000002dc g     F .text	0000000a USART_GetFlagStatus
20000008 g       .bss	00000000 _sbss
00000100 g       *ABS*	00000000 __stack_size
0000001e g     F .text	0000000a .hidden __riscv_restore_2
20000000 g     O .data	00000004 SystemCoreClock
00000048 g     F .text	0000002c .hidden __udivsi3
00000014 g       .init	00000000 _einit
00000014 g     F .text	0000000a .hidden __riscv_save_1
0000001e g     F .text	0000000a .hidden __riscv_restore_0
20000700 g       .stack	00000000 _heap_end
000000d0 g     F .text	00000052 USART1_CFG
2000000c g       .bss	00000000 _ebss
00000122 g     F .text	0000002a UART1_SendData
000002e6 g     F .text	00000038 Delay_Init
00000074 g     F .text	00000008 .hidden __umodsi3
00000000 g       .init	00000000 _start
20000000 g       .highcode	00000000 _highcode_vma_start
00000028 g     F .text	00000014 .hidden __mulsi3
20000000 g       .dalign	00000000 _data_vma
000002c2 g     F .text	00000012 RCC_AdjustHSICalibrationValue
0000014c g     F .text	00000040 main
00000040 g     F .text	00000058 .hidden __divsi3
0000031e g     F .text	0000003a Delay_Ms
00000014 g       .highcodelalign	00000000 _highcode_lma
0000018c g     F .text	00000086 SystemInit
00000000 g       .init	00000000 _sinit
20000800 g       .stack	00000000 _eusrstack
00000014 g     F .text	0000000a .hidden __riscv_save_2
000002d4 g     F .text	00000008 USART_SendData
20000008 g       .data	00000000 _edata
2000000c g       .bss	00000000 _end
20000000 g       .highcode	00000000 _highcode_vma_end
00000358 g       .dlalign	00000000 _data_lma
00000098 g     F .text	00000024 .hidden __modsi3
00000212  w      .text	00000000 handle_reset
00000014 g     F .text	0000000a .hidden __riscv_save_0
0000001e g     F .text	0000000a .hidden __riscv_restore_1



Disassembly of section .init:

00000000 <_sinit>:
   0:	2120006f          	j	212 <handle_reset>
   4:	0000                	unimp
   6:	0000                	unimp
   8:	00be                	slli	ra,ra,0xf
   a:	0000                	unimp
   c:	00c0                	addi	s0,sp,68
   e:	0000                	unimp
  10:	0000                	unimp
	...

Disassembly of section .text:

00000014 <__riscv_save_0>:
  14:	1151                	addi	sp,sp,-12
  16:	c026                	sw	s1,0(sp)
  18:	c222                	sw	s0,4(sp)
  1a:	c406                	sw	ra,8(sp)
  1c:	8282                	jr	t0

0000001e <__riscv_restore_0>:
  1e:	4482                	lw	s1,0(sp)
  20:	4412                	lw	s0,4(sp)
  22:	40a2                	lw	ra,8(sp)
  24:	0131                	addi	sp,sp,12
  26:	8082                	ret

00000028 <__mulsi3>:
  28:	862a                	mv	a2,a0
  2a:	4501                	li	a0,0
  2c:	0015f693          	andi	a3,a1,1
  30:	c291                	beqz	a3,34 <__mulsi3+0xc>
  32:	9532                	add	a0,a0,a2
  34:	8185                	srli	a1,a1,0x1
  36:	0606                	slli	a2,a2,0x1
  38:	f9f5                	bnez	a1,2c <__mulsi3+0x4>
  3a:	8082                	ret
  3c:	0000                	unimp
	...

00000040 <__divsi3>:
  40:	02054e63          	bltz	a0,7c <__umodsi3+0x8>
  44:	0405c363          	bltz	a1,8a <__umodsi3+0x16>

00000048 <__udivsi3>:
  48:	862e                	mv	a2,a1
  4a:	85aa                	mv	a1,a0
  4c:	557d                	li	a0,-1
  4e:	c215                	beqz	a2,72 <__udivsi3+0x2a>
  50:	4685                	li	a3,1
  52:	00b67863          	bgeu	a2,a1,62 <__udivsi3+0x1a>
  56:	00c05663          	blez	a2,62 <__udivsi3+0x1a>
  5a:	0606                	slli	a2,a2,0x1
  5c:	0686                	slli	a3,a3,0x1
  5e:	feb66ce3          	bltu	a2,a1,56 <__udivsi3+0xe>
  62:	4501                	li	a0,0
  64:	00c5e463          	bltu	a1,a2,6c <__udivsi3+0x24>
  68:	8d91                	sub	a1,a1,a2
  6a:	8d55                	or	a0,a0,a3
  6c:	8285                	srli	a3,a3,0x1
  6e:	8205                	srli	a2,a2,0x1
  70:	faf5                	bnez	a3,64 <__udivsi3+0x1c>
  72:	8082                	ret

00000074 <__umodsi3>:
  74:	8286                	mv	t0,ra
  76:	3fc9                	jal	48 <__udivsi3>
  78:	852e                	mv	a0,a1
  7a:	8282                	jr	t0
  7c:	40a00533          	neg	a0,a0
  80:	0005d763          	bgez	a1,8e <__umodsi3+0x1a>
  84:	40b005b3          	neg	a1,a1
  88:	b7c1                	j	48 <__udivsi3>
  8a:	40b005b3          	neg	a1,a1
  8e:	8286                	mv	t0,ra
  90:	3f65                	jal	48 <__udivsi3>
  92:	40a00533          	neg	a0,a0
  96:	8282                	jr	t0

00000098 <__modsi3>:
  98:	8286                	mv	t0,ra
  9a:	0005c763          	bltz	a1,a8 <__modsi3+0x10>
  9e:	00054963          	bltz	a0,b0 <__modsi3+0x18>
  a2:	375d                	jal	48 <__udivsi3>
  a4:	852e                	mv	a0,a1
  a6:	8282                	jr	t0
  a8:	40b005b3          	neg	a1,a1
  ac:	fe055be3          	bgez	a0,a2 <__modsi3+0xa>
  b0:	40a00533          	neg	a0,a0
  b4:	3f51                	jal	48 <__udivsi3>
  b6:	40b00533          	neg	a0,a1
  ba:	8282                	jr	t0
	...

000000be <NMI_Handler>:
  be:	a001                	j	be <NMI_Handler>

000000c0 <HardFault_Handler>:
  c0:	beef07b7          	lui	a5,0xbeef0
  c4:	e000e737          	lui	a4,0xe000e
  c8:	08078793          	addi	a5,a5,128 # beef0080 <__global_pointer$+0x9eeef878>
  cc:	c73c                	sw	a5,72(a4)
  ce:	a001                	j	ce <HardFault_Handler+0xe>

000000d0 <USART1_CFG>:
  d0:	48b447b7          	lui	a5,0x48b44
  d4:	40011737          	lui	a4,0x40011
  d8:	44478793          	addi	a5,a5,1092 # 48b44444 <__global_pointer$+0x28b43c3c>
  dc:	40f72023          	sw	a5,1024(a4) # 40011400 <__global_pointer$+0x20010bf8>
  e0:	04000793          	li	a5,64
  e4:	40f72a23          	sw	a5,1044(a4)
  e8:	400147b7          	lui	a5,0x40014
  ec:	8107d703          	lhu	a4,-2032(a5) # 40013810 <__global_pointer$+0x20013008>
  f0:	6609                	lui	a2,0x2
  f2:	0742                	slli	a4,a4,0x10
  f4:	8341                	srli	a4,a4,0x10
  f6:	80e79823          	sh	a4,-2032(a5)
  fa:	00c60713          	addi	a4,a2,12 # 200c <_data_lma+0x1cb4>
  fe:	80e79623          	sh	a4,-2036(a5)
 102:	8147d683          	lhu	a3,-2028(a5)
 106:	0d000713          	li	a4,208
 10a:	06c2                	slli	a3,a3,0x10
 10c:	82c1                	srli	a3,a3,0x10
 10e:	80d79a23          	sh	a3,-2028(a5)
 112:	80e79423          	sh	a4,-2040(a5)
 116:	80c7d703          	lhu	a4,-2036(a5)
 11a:	8f51                	or	a4,a4,a2
 11c:	80e79623          	sh	a4,-2036(a5)
 120:	8082                	ret

00000122 <UART1_SendData>:
 122:	ef3ff2ef          	jal	t0,14 <__riscv_save_0>
 126:	40014437          	lui	s0,0x40014
 12a:	84aa                	mv	s1,a0
 12c:	80040793          	addi	a5,s0,-2048 # 40013800 <__global_pointer$+0x20012ff8>
 130:	853e                	mv	a0,a5
 132:	04000593          	li	a1,64
 136:	225d                	jal	2dc <USART_GetFlagStatus>
 138:	400147b7          	lui	a5,0x40014
 13c:	80078793          	addi	a5,a5,-2048 # 40013800 <__global_pointer$+0x20012ff8>
 140:	d965                	beqz	a0,130 <UART1_SendData+0xe>
 142:	85a6                	mv	a1,s1
 144:	80040513          	addi	a0,s0,-2048
 148:	2271                	jal	2d4 <USART_SendData>
 14a:	bdd1                	j	1e <__riscv_restore_0>

0000014c <main>:
 14c:	ec9ff2ef          	jal	t0,14 <__riscv_save_0>
 150:	400216b7          	lui	a3,0x40021
 154:	4e9c                	lw	a5,24(a3)
 156:	6711                	lui	a4,0x4
 158:	03070713          	addi	a4,a4,48 # 4030 <_data_lma+0x3cd8>
 15c:	8fd9                	or	a5,a5,a4
 15e:	ce9c                	sw	a5,24(a3)
 160:	3f85                	jal	d0 <USART1_CFG>
 162:	2251                	jal	2e6 <Delay_Init>
 164:	04200513          	li	a0,66
 168:	3f6d                	jal	122 <UART1_SendData>
 16a:	06f00513          	li	a0,111
 16e:	3f55                	jal	122 <UART1_SendData>
 170:	06f00513          	li	a0,111
 174:	377d                	jal	122 <UART1_SendData>
 176:	07400513          	li	a0,116
 17a:	3765                	jal	122 <UART1_SendData>
 17c:	4535                	li	a0,13
 17e:	3755                	jal	122 <UART1_SendData>
 180:	4529                	li	a0,10
 182:	3745                	jal	122 <UART1_SendData>
 184:	1f400513          	li	a0,500
 188:	2a59                	jal	31e <Delay_Ms>
 18a:	bfe9                	j	164 <main+0x18>

0000018c <SystemInit>:
 18c:	e89ff2ef          	jal	t0,14 <__riscv_save_0>
 190:	40021437          	lui	s0,0x40021
 194:	401c                	lw	a5,0(s0)
 196:	f8ff0737          	lui	a4,0xf8ff0
 19a:	4541                	li	a0,16
 19c:	0017e793          	ori	a5,a5,1
 1a0:	c01c                	sw	a5,0(s0)
 1a2:	405c                	lw	a5,4(s0)
 1a4:	8ff9                	and	a5,a5,a4
 1a6:	c05c                	sw	a5,4(s0)
 1a8:	401c                	lw	a5,0(s0)
 1aa:	fef70737          	lui	a4,0xfef70
 1ae:	177d                	addi	a4,a4,-1
 1b0:	8ff9                	and	a5,a5,a4
 1b2:	c01c                	sw	a5,0(s0)
 1b4:	401c                	lw	a5,0(s0)
 1b6:	fffc0737          	lui	a4,0xfffc0
 1ba:	177d                	addi	a4,a4,-1
 1bc:	8ff9                	and	a5,a5,a4
 1be:	c01c                	sw	a5,0(s0)
 1c0:	405c                	lw	a5,4(s0)
 1c2:	7741                	lui	a4,0xffff0
 1c4:	177d                	addi	a4,a4,-1
 1c6:	8ff9                	and	a5,a5,a4
 1c8:	c05c                	sw	a5,4(s0)
 1ca:	009f07b7          	lui	a5,0x9f0
 1ce:	c41c                	sw	a5,8(s0)
 1d0:	28cd                	jal	2c2 <RCC_AdjustHSICalibrationValue>
 1d2:	4c1c                	lw	a5,24(s0)
 1d4:	0207e793          	ori	a5,a5,32
 1d8:	cc1c                	sw	a5,24(s0)
 1da:	400117b7          	lui	a5,0x40011
 1de:	4007a703          	lw	a4,1024(a5) # 40011400 <__global_pointer$+0x20010bf8>
 1e2:	40078693          	addi	a3,a5,1024
 1e6:	f0f77713          	andi	a4,a4,-241
 1ea:	40e7a023          	sw	a4,1024(a5)
 1ee:	4007a703          	lw	a4,1024(a5)
 1f2:	08076713          	ori	a4,a4,128
 1f6:	40e7a023          	sw	a4,1024(a5)
 1fa:	4789                	li	a5,2
 1fc:	ca9c                	sw	a5,16(a3)
 1fe:	400227b7          	lui	a5,0x40022
 202:	4398                	lw	a4,0(a5)
 204:	9b71                	andi	a4,a4,-4
 206:	c398                	sw	a4,0(a5)
 208:	4398                	lw	a4,0(a5)
 20a:	c398                	sw	a4,0(a5)
 20c:	405c                	lw	a5,4(s0)
 20e:	c05c                	sw	a5,4(s0)
 210:	b539                	j	1e <__riscv_restore_0>

00000212 <handle_reset>:
 212:	20000197          	auipc	gp,0x20000
 216:	5f618193          	addi	gp,gp,1526 # 20000808 <__global_pointer$>
 21a:	ff818113          	addi	sp,gp,-8 # 20000800 <_eusrstack>
 21e:	01400513          	li	a0,20
 222:	20000597          	auipc	a1,0x20000
 226:	dde58593          	addi	a1,a1,-546 # 20000000 <_highcode_vma_end>
 22a:	20000617          	auipc	a2,0x20000
 22e:	dd660613          	addi	a2,a2,-554 # 20000000 <_highcode_vma_end>
 232:	00c5fa63          	bgeu	a1,a2,246 <handle_reset+0x34>
 236:	00052283          	lw	t0,0(a0)
 23a:	0055a023          	sw	t0,0(a1)
 23e:	0511                	addi	a0,a0,4
 240:	0591                	addi	a1,a1,4
 242:	fec5eae3          	bltu	a1,a2,236 <handle_reset+0x24>
 246:	35800513          	li	a0,856
 24a:	20000597          	auipc	a1,0x20000
 24e:	db658593          	addi	a1,a1,-586 # 20000000 <_highcode_vma_end>
 252:	20000617          	auipc	a2,0x20000
 256:	db660613          	addi	a2,a2,-586 # 20000008 <_edata>
 25a:	00c5fa63          	bgeu	a1,a2,26e <handle_reset+0x5c>
 25e:	00052283          	lw	t0,0(a0)
 262:	0055a023          	sw	t0,0(a1)
 266:	0511                	addi	a0,a0,4
 268:	0591                	addi	a1,a1,4
 26a:	fec5eae3          	bltu	a1,a2,25e <handle_reset+0x4c>
 26e:	20000517          	auipc	a0,0x20000
 272:	d9a50513          	addi	a0,a0,-614 # 20000008 <_edata>
 276:	20000597          	auipc	a1,0x20000
 27a:	d9658593          	addi	a1,a1,-618 # 2000000c <_ebss>
 27e:	00b57763          	bgeu	a0,a1,28c <handle_reset+0x7a>
 282:	00052023          	sw	zero,0(a0)
 286:	0511                	addi	a0,a0,4
 288:	feb56de3          	bltu	a0,a1,282 <handle_reset+0x70>
 28c:	000022b7          	lui	t0,0x2
 290:	88028293          	addi	t0,t0,-1920 # 1880 <_data_lma+0x1528>
 294:	30029073          	csrw	mstatus,t0
 298:	428d                	li	t0,3
 29a:	80429073          	csrw	0x804,t0
 29e:	00000297          	auipc	t0,0x0
 2a2:	d6228293          	addi	t0,t0,-670 # 0 <_sinit>
 2a6:	0032e293          	ori	t0,t0,3
 2aa:	30529073          	csrw	mtvec,t0
 2ae:	edfff0ef          	jal	ra,18c <SystemInit>
 2b2:	00000297          	auipc	t0,0x0
 2b6:	e9a28293          	addi	t0,t0,-358 # 14c <main>
 2ba:	34129073          	csrw	mepc,t0
 2be:	30200073          	mret

000002c2 <RCC_AdjustHSICalibrationValue>:
 2c2:	40021737          	lui	a4,0x40021
 2c6:	431c                	lw	a5,0(a4)
 2c8:	050e                	slli	a0,a0,0x3
 2ca:	f077f793          	andi	a5,a5,-249
 2ce:	8d5d                	or	a0,a0,a5
 2d0:	c308                	sw	a0,0(a4)
 2d2:	8082                	ret

000002d4 <USART_SendData>:
 2d4:	1ff5f593          	andi	a1,a1,511
 2d8:	a14e                	sh	a1,4(a0)
 2da:	8082                	ret

000002dc <USART_GetFlagStatus>:
 2dc:	210a                	lhu	a0,0(a0)
 2de:	8d6d                	and	a0,a0,a1
 2e0:	00a03533          	snez	a0,a0
 2e4:	8082                	ret

000002e6 <Delay_Init>:
 2e6:	d2fff2ef          	jal	t0,14 <__riscv_save_0>
 2ea:	200007b7          	lui	a5,0x20000
 2ee:	0007a503          	lw	a0,0(a5) # 20000000 <_highcode_vma_end>
 2f2:	007a15b7          	lui	a1,0x7a1
 2f6:	20058593          	addi	a1,a1,512 # 7a1200 <_data_lma+0x7a0ea8>
 2fa:	33b9                	jal	48 <__udivsi3>
 2fc:	0ff57513          	andi	a0,a0,255
 300:	200007b7          	lui	a5,0x20000
 304:	00a78523          	sb	a0,10(a5) # 2000000a <p_us>
 308:	00551793          	slli	a5,a0,0x5
 30c:	8f89                	sub	a5,a5,a0
 30e:	078a                	slli	a5,a5,0x2
 310:	953e                	add	a0,a0,a5
 312:	050e                	slli	a0,a0,0x3
 314:	200007b7          	lui	a5,0x20000
 318:	00a79423          	sh	a0,8(a5) # 20000008 <_edata>
 31c:	b309                	j	1e <__riscv_restore_0>

0000031e <Delay_Ms>:
 31e:	cf7ff2ef          	jal	t0,14 <__riscv_save_0>
 322:	e000f437          	lui	s0,0xe000f
 326:	405c                	lw	a5,4(s0)
 328:	85aa                	mv	a1,a0
 32a:	9bf9                	andi	a5,a5,-2
 32c:	c05c                	sw	a5,4(s0)
 32e:	200007b7          	lui	a5,0x20000
 332:	0087d503          	lhu	a0,8(a5) # 20000008 <_edata>
 336:	39cd                	jal	28 <__mulsi3>
 338:	c808                	sw	a0,16(s0)
 33a:	00042423          	sw	zero,8(s0) # e000f008 <__global_pointer$+0xc000e800>
 33e:	401c                	lw	a5,0(s0)
 340:	0017e793          	ori	a5,a5,1
 344:	c01c                	sw	a5,0(s0)
 346:	e000f7b7          	lui	a5,0xe000f
 34a:	43d8                	lw	a4,4(a5)
 34c:	8b05                	andi	a4,a4,1
 34e:	df75                	beqz	a4,34a <Delay_Ms+0x2c>
 350:	4398                	lw	a4,0(a5)
 352:	9b79                	andi	a4,a4,-2
 354:	c398                	sw	a4,0(a5)
 356:	b1e1                	j	1e <__riscv_restore_0>
